  main.cpp
C:\Users\Valeria\Desktop\folder\lab1-table\include\table.h(8,9): error C2143: синтаксическая ошибка: отсутствие ";" перед "<"
C:\Users\Valeria\Desktop\folder\lab1-table\include\table.h(46,2): message : выполняется компиляция ссылки на экземпляр класс шаблон функции "Table<TypeKey,TypeData>"
C:\Users\Valeria\Desktop\folder\lab1-table\include\table.h(8,1): error C4430: отсутствует спецификатор типа - предполагается int. Примечание. C++ не поддерживает int по умолчанию
C:\Users\Valeria\Desktop\folder\lab1-table\include\table.h(8): error C2238: непредвиденные лексемы перед ";"
C:\Users\Valeria\Desktop\folder\lab1-table\include\table.h(16,10): error C2143: синтаксическая ошибка: отсутствие ";" перед "&"
C:\Users\Valeria\Desktop\folder\lab1-table\include\table.h(16,1): error C4430: отсутствует спецификатор типа - предполагается int. Примечание. C++ не поддерживает int по умолчанию
C:\Users\Valeria\Desktop\folder\lab1-table\include\table.h(16,1): error C2334: непредвиденные лексемы перед "{"; пропуск вероятного тела функции
C:\Users\Valeria\Desktop\folder\lab1-table\include\table.h(23,10): error C2143: синтаксическая ошибка: отсутствие ";" перед "&"
C:\Users\Valeria\Desktop\folder\lab1-table\include\table.h(23,1): error C4430: отсутствует спецификатор типа - предполагается int. Примечание. C++ не поддерживает int по умолчанию
C:\Users\Valeria\Desktop\folder\lab1-table\include\table.h(23,1): error C2334: непредвиденные лексемы перед "{"; пропуск вероятного тела функции
C:\Users\Valeria\Desktop\folder\lab1-table\include\table.h(39,10): error C2143: синтаксическая ошибка: отсутствие ";" перед "&"
C:\Users\Valeria\Desktop\folder\lab1-table\include\table.h(39,1): error C4430: отсутствует спецификатор типа - предполагается int. Примечание. C++ не поддерживает int по умолчанию
C:\Users\Valeria\Desktop\folder\lab1-table\include\table.h(39,1): error C2334: непредвиденные лексемы перед "{"; пропуск вероятного тела функции
C:\Users\Valeria\Desktop\folder\lab1-table\include\table.h(42,10): error C2143: синтаксическая ошибка: отсутствие ";" перед "&"
C:\Users\Valeria\Desktop\folder\lab1-table\include\table.h(42,1): error C4430: отсутствует спецификатор типа - предполагается int. Примечание. C++ не поддерживает int по умолчанию
C:\Users\Valeria\Desktop\folder\lab1-table\include\table.h(42,1): error C2334: непредвиденные лексемы перед "{"; пропуск вероятного тела функции
C:\Users\Valeria\Desktop\folder\lab1-table\include\table.h(50,1): error C2990: Table: не класс шаблон уже объявлен как класс шаблон
C:\Users\Valeria\Desktop\folder\lab1-table\include\table.h(7,13): message : см. объявление "Table"
C:\Users\Valeria\Desktop\folder\lab1-table\include\table.h(69,2): message : выполняется компиляция ссылки на экземпляр класс шаблон функции "Iterator<T>"
